<?xml version="1.0" encoding="UTF-8"?>
<!-- Generated by org.testng.reporters.JUnitReportReporter -->
<testsuite skipped="0" hostname="652cc2951b9a" name="com.docker.duckduckgo.tests.SearchResultTest" tests="2" failures="0" timestamp="2021-04-22T11:56:29 GMT" time="19.831" errors="0">
  <testcase name="search" time="7.238" classname="com.docker.duckduckgo.tests.SearchResultTest"/>
  <system-out/>
  <testcase name="search" time="12.593" classname="com.docker.duckduckgo.tests.SearchResultTest"/>
  <system-out/>
</testsuite> <!-- com.docker.duckduckgo.tests.SearchResultTest -->
