<?xml version="1.0" encoding="UTF-8"?>
<!-- Generated by org.testng.reporters.JUnitReportReporter -->
<testsuite skipped="0" hostname="b02955f94444" name="com.docker.duckduckgo.tests.SearchResultTest" tests="1" failures="0" timestamp="2021-04-28T04:42:08 GMT" time="4.895" errors="0">
  <testcase name="search" time="4.895" classname="com.docker.duckduckgo.tests.SearchResultTest"/>
  <system-out/>
</testsuite> <!-- com.docker.duckduckgo.tests.SearchResultTest -->
